  server.c
D:\Git\Payment-application\Payment application\Payment application\server.h(8,17): error C2061: syntax error: identifier 'recieveTransactionData'
D:\Git\Payment-application\Payment application\Payment application\server.h(8,17): error C2059: syntax error: ';'
D:\Git\Payment-application\Payment application\Payment application\server.h(8,56): error C2143: syntax error: missing ')' before '*'
D:\Git\Payment-application\Payment application\Payment application\server.h(8,56): error C2143: syntax error: missing '{' before '*'
D:\Git\Payment-application\Payment application\Payment application\server.h(8,67): error C2059: syntax error: ')'
D:\Git\Payment-application\Payment application\Payment application\server.h(9,18): error C2061: syntax error: identifier 'isValidAccount'
D:\Git\Payment-application\Payment application\Payment application\server.h(9,18): error C2059: syntax error: ';'
D:\Git\Payment-application\Payment application\Payment application\server.h(9,47): error C2059: syntax error: '<parameter-list>'
D:\Git\Payment-application\Payment application\Payment application\server.h(10,18): error C2061: syntax error: identifier 'isBlockedAccount'
D:\Git\Payment-application\Payment application\Payment application\server.h(10,18): error C2059: syntax error: ';'
D:\Git\Payment-application\Payment application\Payment application\server.h(10,50): error C2143: syntax error: missing ')' before '*'
D:\Git\Payment-application\Payment application\Payment application\server.h(10,50): error C2143: syntax error: missing '{' before '*'
D:\Git\Payment-application\Payment application\Payment application\server.h(10,67): error C2059: syntax error: ')'
D:\Git\Payment-application\Payment application\Payment application\server.h(11,18): error C2061: syntax error: identifier 'isAmountAvailabe'
D:\Git\Payment-application\Payment application\Payment application\server.h(11,18): error C2059: syntax error: ';'
D:\Git\Payment-application\Payment application\Payment application\server.h(11,52): error C2059: syntax error: '<parameter-list>'
D:\Git\Payment-application\Payment application\Payment application\server.h(12,18): error C2061: syntax error: identifier 'saveTransaction'
D:\Git\Payment-application\Payment application\Payment application\server.h(12,18): error C2059: syntax error: ';'
D:\Git\Payment-application\Payment application\Payment application\server.h(12,50): error C2143: syntax error: missing ')' before '*'
D:\Git\Payment-application\Payment application\Payment application\server.h(12,50): error C2143: syntax error: missing '{' before '*'
D:\Git\Payment-application\Payment application\Payment application\server.h(12,61): error C2059: syntax error: ')'
D:\Git\Payment-application\Payment application\Payment application\server.h(13,18): error C2061: syntax error: identifier 'getTransaction'
D:\Git\Payment-application\Payment application\Payment application\server.h(13,18): error C2059: syntax error: ';'
D:\Git\Payment-application\Payment application\Payment application\server.h(13,42): error C2059: syntax error: '<parameter-list>'
D:\Git\Payment-application\Payment application\Payment application\server.h(21,5): error C2061: syntax error: identifier 'EN_transState_t'
D:\Git\Payment-application\Payment application\Payment application\server.h(24,1): error C2059: syntax error: '}'
D:\Git\Payment-application\Payment application\Payment application\server.h(31,5): error C2061: syntax error: identifier 'EN_accountState_t'
D:\Git\Payment-application\Payment application\Payment application\server.h(35,1): error C2059: syntax error: '}'
D:\Git\Payment-application\Payment application\Payment application\server.c(12,17): error C2061: syntax error: identifier 'accounts'
D:\Git\Payment-application\Payment application\Payment application\server.c(12,17): error C2059: syntax error: ';'
D:\Git\Payment-application\Payment application\Payment application\server.c(12,25): error C2059: syntax error: '['
D:\Git\Payment-application\Payment application\Payment application\server.c(15,10): error C2065: 'accounts': undeclared identifier
D:\Git\Payment-application\Payment application\Payment application\server.c(15,12): error C2109: subscript requires array or pointer type
D:\Git\Payment-application\Payment application\Payment application\server.c(16,23): error C2065: 'accounts': undeclared identifier
D:\Git\Payment-application\Payment application\Payment application\server.c(16,25): error C2109: subscript requires array or pointer type
D:\Git\Payment-application\Payment application\Payment application\server.c(16,9): warning C4473: 'printf' : not enough arguments passed for format string
D:\Git\Payment-application\Payment application\Payment application\server.c(16,9): message : placeholders and their parameters expect 1 variadic arguments, but 0 were provided
D:\Git\Payment-application\Payment application\Payment application\server.c(16,9): message : the missing variadic argument 1 is required by format string '%f'
D:\Git\Payment-application\Payment application\Payment application\server.c(27,56): error C2143: syntax error: missing ')' before '*'
D:\Git\Payment-application\Payment application\Payment application\server.c(27,56): error C2143: syntax error: missing '{' before '*'
D:\Git\Payment-application\Payment application\Payment application\server.c(27,67): error C2059: syntax error: ')'
D:\Git\Payment-application\Payment application\Payment application\server.c(28,1): error C2054: expected '(' to follow 'transData'
D:\Git\Payment-application\Payment application\Payment application\server.c(32,73): error C2146: syntax error: missing ')' before identifier 'accountRefrence'
D:\Git\Payment-application\Payment application\Payment application\server.c(32,73): error C2081: 'ST_accountsDB_t': name in formal parameter list illegal
D:\Git\Payment-application\Payment application\Payment application\server.c(32,73): error C2061: syntax error: identifier 'accountRefrence'
D:\Git\Payment-application\Payment application\Payment application\server.c(32,73): error C2059: syntax error: ';'
D:\Git\Payment-application\Payment application\Payment application\server.c(32,88): error C2059: syntax error: ')'
D:\Git\Payment-application\Payment application\Payment application\server.c(33,1): error C2449: found '{' at file scope (missing function header?)
D:\Git\Payment-application\Payment application\Payment application\server.c(35,1): error C2059: syntax error: '}'
D:\Git\Payment-application\Payment application\Payment application\server.c(47,50): error C2143: syntax error: missing ')' before '*'
D:\Git\Payment-application\Payment application\Payment application\server.c(47,50): error C2143: syntax error: missing '{' before '*'
D:\Git\Payment-application\Payment application\Payment application\server.c(47,61): error C2059: syntax error: ')'
D:\Git\Payment-application\Payment application\Payment application\server.c(48,1): error C2054: expected '(' to follow 'transData'
D:\Git\Payment-application\Payment application\Payment application\server.c(52,85): error C2143: syntax error: missing ')' before '*'
D:\Git\Payment-application\Payment application\Payment application\server.c(52,85): error C2081: 'ST_transaction_t': name in formal parameter list illegal
D:\Git\Payment-application\Payment application\Payment application\server.c(52,85): error C2143: syntax error: missing '{' before '*'
D:\Git\Payment-application\Payment application\Payment application\server.c(52,96): error C2059: syntax error: ')'
D:\Git\Payment-application\Payment application\Payment application\server.c(53,1): error C2054: expected '(' to follow 'transData'
